{"/Users/onebrain/Desktop/Projetos/Pessoal/WeatherMap/src/assets/colors.ts": {"path":"/Users/onebrain/Desktop/Projetos/Pessoal/WeatherMap/src/assets/colors.ts","statementMap":{"0":{"start":{"line":1,"column":22},"end":{"line":9,"column":1}}},"fnMap":{},"branchMap":{},"s":{"0":1},"f":{},"b":{},"_coverageSchema":"1a1c01bbd47fc00a2c39e90264f33305004495a9","hash":"4f2b24f33d1f69e74668101a849a1eea6d0656fe"}
,"/Users/onebrain/Desktop/Projetos/Pessoal/WeatherMap/src/components/Header/Header.tsx": {"path":"/Users/onebrain/Desktop/Projetos/Pessoal/WeatherMap/src/components/Header/Header.tsx","statementMap":{"0":{"start":{"line":11,"column":22},"end":{"line":24,"column":1}},"1":{"start":{"line":12,"column":2},"end":{"line":23,"column":4}},"2":{"start":{"line":26,"column":15},"end":{"line":42,"column":2}}},"fnMap":{"0":{"name":"(anonymous_0)","decl":{"start":{"line":11,"column":22},"end":{"line":11,"column":23}},"loc":{"start":{"line":11,"column":52},"end":{"line":24,"column":1}},"line":11}},"branchMap":{},"s":{"0":1,"1":1,"2":1},"f":{"0":1},"b":{},"_coverageSchema":"1a1c01bbd47fc00a2c39e90264f33305004495a9","hash":"693346a61d7478d79ad3f1cf7ce9029296b079d9"}
}
